<?xml version="1.0" encoding="UTF-8"?>
<testsuite name="ru.netology.service.CashbackHackServiceTest" tests="3" skipped="0" failures="0" errors="0" timestamp="2023-03-24T12:22:26" hostname="DESKTOP-0FM023T" time="0.009">
  <properties/>
  <testcase name="remain1" classname="ru.netology.service.CashbackHackServiceTest" time="0.006"/>
  <testcase name="remain1000" classname="ru.netology.service.CashbackHackServiceTest" time="0.0"/>
  <testcase name="remain1001" classname="ru.netology.service.CashbackHackServiceTest" time="0.0"/>
  <system-out><![CDATA[]]></system-out>
  <system-err><![CDATA[]]></system-err>
</testsuite>
