<?xml version="1.0" encoding="UTF-8"?>
<testsuite name="ru.netology.service.CashbackHackServiceTest" tests="3" skipped="0" failures="0" errors="0" timestamp="2023-03-24T10:46:04" hostname="DESKTOP-0FM023T" time="0.071">
  <properties/>
  <testcase name="remain1()" classname="ru.netology.service.CashbackHackServiceTest" time="0.063"/>
  <testcase name="remain1000()" classname="ru.netology.service.CashbackHackServiceTest" time="0.002"/>
  <testcase name="remain1001()" classname="ru.netology.service.CashbackHackServiceTest" time="0.001"/>
  <system-out><![CDATA[]]></system-out>
  <system-err><![CDATA[]]></system-err>
</testsuite>
