<?xml version="1.0" encoding="UTF-8"?>
<testsuite name="ru.netology.service.CashbackHackServiceTest" tests="1" skipped="0" failures="0" errors="0" timestamp="2023-03-24T09:40:04" hostname="DESKTOP-0FM023T" time="0.046">
  <properties/>
  <testcase name="remain1()" classname="ru.netology.service.CashbackHackServiceTest" time="0.046"/>
  <system-out><![CDATA[]]></system-out>
  <system-err><![CDATA[]]></system-err>
</testsuite>
